<?xml version="1.0" encoding="UTF-8"?>
<!-- Generated by org.testng.reporters.JUnitReportReporter -->
<testsuite hostname="Rabbit" failures="0" tests="1" name="testclasses.MobileTest" time="1.105" errors="0" timestamp="31 Aug 2018 07:25:39 GMT" skipped="0">
  <testcase classname="testclasses.MobileTest" name="mobileTest" time="1.105"/>
</testsuite> <!-- testclasses.MobileTest -->
